<?xml version="1.0" encoding="UTF-8"?><testrun name="src (1)" project="VendingMachine" tests="10" started="10" failures="1" errors="0" ignored="0">
  <testsuite name="edu.towson.cis.cosc442.project2.vendingmachine.VendingMachineTest" time="0.0">
    <testcase name="testAddItem" classname="edu.towson.cis.cosc442.project2.vendingmachine.VendingMachineTest" time="0.0"/>
    <testcase name="testInsertMoney" classname="edu.towson.cis.cosc442.project2.vendingmachine.VendingMachineTest" time="0.0"/>
    <testcase name="testGetItem" classname="edu.towson.cis.cosc442.project2.vendingmachine.VendingMachineTest" time="0.0"/>
    <testcase name="testMakePurchase" classname="edu.towson.cis.cosc442.project2.vendingmachine.VendingMachineTest" time="0.0"/>
    <testcase name="testGetBalance" classname="edu.towson.cis.cosc442.project2.vendingmachine.VendingMachineTest" time="0.0"/>
    <testcase name="testRemoveItem" classname="edu.towson.cis.cosc442.project2.vendingmachine.VendingMachineTest" time="0.0"/>
    <testcase name="testReturnChange" classname="edu.towson.cis.cosc442.project2.vendingmachine.VendingMachineTest" time="0.0"/>
  </testsuite>
  <testsuite name="edu.towson.cis.cosc442.project2.vendingmachine.VendingMachineItemTest" time="0.001">
    <testcase name="VendingMachineException" classname="edu.towson.cis.cosc442.project2.vendingmachine.VendingMachineItemTest" time="0.001">
      <failure>java.lang.AssertionError: Expected exception: edu.towson.cis.cosc442.project2.vendingmachine.VendingMachineException&#13;
	at org.junit.internal.runners.statements.ExpectException.evaluate(ExpectException.java:32)&#13;
	at org.junit.internal.runners.statements.RunBefores.evaluate(RunBefores.java:26)&#13;
	at org.junit.internal.runners.statements.RunAfters.evaluate(RunAfters.java:27)&#13;
	at org.junit.runners.ParentRunner.runLeaf(ParentRunner.java:325)&#13;
	at org.junit.runners.BlockJUnit4ClassRunner.runChild(BlockJUnit4ClassRunner.java:78)&#13;
	at org.junit.runners.BlockJUnit4ClassRunner.runChild(BlockJUnit4ClassRunner.java:57)&#13;
	at org.junit.runners.ParentRunner$3.run(ParentRunner.java:290)&#13;
	at org.junit.runners.ParentRunner$1.schedule(ParentRunner.java:71)&#13;
	at org.junit.runners.ParentRunner.runChildren(ParentRunner.java:288)&#13;
	at org.junit.runners.ParentRunner.access$000(ParentRunner.java:58)&#13;
	at org.junit.runners.ParentRunner$2.evaluate(ParentRunner.java:268)&#13;
	at org.junit.runners.ParentRunner.run(ParentRunner.java:363)&#13;
	at org.eclipse.jdt.internal.junit4.runner.JUnit4TestReference.run(JUnit4TestReference.java:50)&#13;
	at org.eclipse.jdt.internal.junit.runner.TestExecution.run(TestExecution.java:38)&#13;
	at org.eclipse.jdt.internal.junit.runner.RemoteTestRunner.runTests(RemoteTestRunner.java:459)&#13;
	at org.eclipse.jdt.internal.junit.runner.RemoteTestRunner.runTests(RemoteTestRunner.java:675)&#13;
	at org.eclipse.jdt.internal.junit.runner.RemoteTestRunner.run(RemoteTestRunner.java:382)&#13;
	at org.eclipse.jdt.internal.junit.runner.RemoteTestRunner.main(RemoteTestRunner.java:192)&#13;
&#13;
</failure>
    </testcase>
    <testcase name="testGetName" classname="edu.towson.cis.cosc442.project2.vendingmachine.VendingMachineItemTest" time="0.0"/>
    <testcase name="testGetPrice1" classname="edu.towson.cis.cosc442.project2.vendingmachine.VendingMachineItemTest" time="0.0"/>
  </testsuite>
</testrun>
